  Compiling CUDA source file kernel.cu...
  
  C:\Users\USUARIO\Desktop\Clase\Cuarto curso\TFG OpenFoam\DIC_Preconditioner_CuDa_Upper_Ordered_Like_AVX>"C:\Program Files\NVIDIA GPU Computing Toolkit\CUDA\v12.6\bin\nvcc.exe" -gencode=arch=compute_60,code=\"sm_60,compute_60\" --use-local-env -ccbin "C:\Program Files (x86)\Microsoft Visual Studio\2019\Community\VC\Tools\MSVC\14.29.30133\bin\HostX86\x64" -x cu   -I"C:\Program Files\NVIDIA GPU Computing Toolkit\CUDA\v12.6\include" -I"C:\Program Files\NVIDIA GPU Computing Toolkit\CUDA\v12.6\include"  -G   --keep-dir x64\Debug  -maxrregcount=0   --machine 64 --compile -cudart static  -g  -DWIN32 -DWIN64 -D_DEBUG -D_CONSOLE -D_MBCS -Xcompiler "/EHsc /W3 /nologo /Od /FS /Zi /RTC1 /MDd " -Xcompiler "/Fdx64\Debug\vc142.pdb" -o "C:\Users\USUARIO\Desktop\Clase\Cuarto curso\TFG OpenFoam\DIC_Preconditioner_CuDa_Upper_Ordered_Like_AVX\x64\Debug\kernel.cu.obj" "C:\Users\USUARIO\Desktop\Clase\Cuarto curso\TFG OpenFoam\DIC_Preconditioner_CuDa_Upper_Ordered_Like_AVX\kernel.cu" 
C:\Users\USUARIO\Desktop\Clase\Cuarto curso\TFG OpenFoam\DIC_Preconditioner_CuDa_Upper_Ordered_Like_AVX\kernel.cu(622): warning #2464-D: conversion from a string literal to "char *" is deprecated
        binaryRead("./matrixBefore.bin", &sizes, &diag, &upperAddr, &lowerAddr, &upper, &lower, &initialResidual, &psi, &ownerStartAddr);
                   ^
  
  Remark: The warnings can be suppressed with "-diag-suppress <warning-number>"
  
C:\Users\USUARIO\Desktop\Clase\Cuarto curso\TFG OpenFoam\DIC_Preconditioner_CuDa_Upper_Ordered_Like_AVX\kernel.cu(272): warning #177-D: variable "sortedIndex" was declared but never referenced
        int sortedIndex;
            ^
  
  Remark: The warnings can be suppressed with "-diag-suppress <warning-number>"
  
C:\Users\USUARIO\Desktop\Clase\Cuarto curso\TFG OpenFoam\DIC_Preconditioner_CuDa_Upper_Ordered_Like_AVX\kernel.cu(622): warning #2464-D: conversion from a string literal to "char *" is deprecated
        binaryRead("./matrixBefore.bin", &sizes, &diag, &upperAddr, &lowerAddr, &upper, &lower, &initialResidual, &psi, &ownerStartAddr);
                   ^
  
C:\Users\USUARIO\Desktop\Clase\Cuarto curso\TFG OpenFoam\DIC_Preconditioner_CuDa_Upper_Ordered_Like_AVX\kernel.cu(672): warning #550-D: variable "blocksPerKernel" was set but never used
        int blocksPerKernel;
            ^
  
  kernel.cu
  tmpxft_00000084_00000000-7_kernel.cudafe1.cpp
C:\Users\USUARIO\Desktop\Clase\Cuarto curso\TFG OpenFoam\DIC_Preconditioner_CuDa_Upper_Ordered_Like_AVX\kernel.cu(272): warning C4101: 'sortedIndex': variable local sin referencia
     Creando biblioteca C:\Users\USUARIO\Desktop\Clase\Cuarto curso\TFG OpenFoam\DIC_Preconditioner_CuDa_Upper_Ordered_Like_AVX\x64\Debug\DIC_Preconditioner_CuDa_Upper_Ordered_Like_AVX.lib y objeto C:\Users\USUARIO\Desktop\Clase\Cuarto curso\TFG OpenFoam\DIC_Preconditioner_CuDa_Upper_Ordered_Like_AVX\x64\Debug\DIC_Preconditioner_CuDa_Upper_Ordered_Like_AVX.exp
LINK : warning LNK4098: la biblioteca predeterminada'LIBCMT' entra en conflicto con otras bibliotecas; use la biblioteca /NODEFAULTLIB:biblioteca
  DIC_Preconditioner_CuDa_Upper_Ordered_Like_AVX.vcxproj -> C:\Users\USUARIO\Desktop\Clase\Cuarto curso\TFG OpenFoam\DIC_Preconditioner_CuDa_Upper_Ordered_Like_AVX\x64\Debug\DIC_Preconditioner_CuDa_Upper_Ordered_Like_AVX.exe
