  Compiling CUDA source file kernel.cu...
  
  C:\Users\USUARIO\Desktop\Clase\Cuarto curso\TFG OpenFoam\Diagonal_Preconditioner_CuDa>"C:\Program Files\NVIDIA GPU Computing Toolkit\CUDA\v12.6\bin\nvcc.exe" -gencode=arch=compute_60,code=\"sm_60,compute_60\" --use-local-env -ccbin "C:\Program Files (x86)\Microsoft Visual Studio\2019\Community\VC\Tools\MSVC\14.29.30133\bin\HostX86\x64" -x cu   -I"C:\Program Files\NVIDIA GPU Computing Toolkit\CUDA\v12.6\include" -I"C:\Program Files\NVIDIA GPU Computing Toolkit\CUDA\v12.6\include"     --keep-dir x64\Release  -maxrregcount=0   --machine 64 --compile -cudart static    -DWIN32 -DWIN64 -DNDEBUG -D_CONSOLE -D_MBCS -Xcompiler "/EHsc /W3 /nologo /O2 /FS   /MD " -Xcompiler "/Fdx64\Release\vc142.pdb" -o "C:\Users\USUARIO\Desktop\Clase\Cuarto curso\TFG OpenFoam\Diagonal_Preconditioner_CuDa\x64\Release\kernel.cu.obj" "C:\Users\USUARIO\Desktop\Clase\Cuarto curso\TFG OpenFoam\Diagonal_Preconditioner_CuDa\kernel.cu" 
C:\Users\USUARIO\Desktop\Clase\Cuarto curso\TFG OpenFoam\Diagonal_Preconditioner_CuDa\kernel.cu(165): warning #2464-D: conversion from a string literal to "char *" is deprecated
        binaryRead("./matrixBefore.bin", &sizes, &diag, &upperAddr, &lowerAddr, &upper, &lower, &initialResidual, &psi, &ownerStartAddr);
                   ^
  
  Remark: The warnings can be suppressed with "-diag-suppress <warning-number>"
  
C:\Users\USUARIO\Desktop\Clase\Cuarto curso\TFG OpenFoam\Diagonal_Preconditioner_CuDa\kernel.cu(165): warning #2464-D: conversion from a string literal to "char *" is deprecated
        binaryRead("./matrixBefore.bin", &sizes, &diag, &upperAddr, &lowerAddr, &upper, &lower, &initialResidual, &psi, &ownerStartAddr);
                   ^
  
  Remark: The warnings can be suppressed with "-diag-suppress <warning-number>"
  
C:\Users\USUARIO\Desktop\Clase\Cuarto curso\TFG OpenFoam\Diagonal_Preconditioner_CuDa\kernel.cu(156): warning #177-D: variable "prop" was declared but never referenced
        cudaDeviceProp prop;
                       ^
  
  kernel.cu
  tmpxft_000023d4_00000000-7_kernel.cudafe1.cpp
C:\Users\USUARIO\Desktop\Clase\Cuarto curso\TFG OpenFoam\Diagonal_Preconditioner_CuDa\kernel.cu(156): warning C4101: 'prop': variable local sin referencia
     Creando biblioteca C:\Users\USUARIO\Desktop\Clase\Cuarto curso\TFG OpenFoam\Diagonal_Preconditioner_CuDa\x64\Release\Diagonal_Preconditioner_CuDa.lib y objeto C:\Users\USUARIO\Desktop\Clase\Cuarto curso\TFG OpenFoam\Diagonal_Preconditioner_CuDa\x64\Release\Diagonal_Preconditioner_CuDa.exp
LINK : warning LNK4098: la biblioteca predeterminada'LIBCMT' entra en conflicto con otras bibliotecas; use la biblioteca /NODEFAULTLIB:biblioteca
  LINK : se especificó /LTCG pero no se requiere generación de código; quite /LTCG de la línea de comandos de vínculo para mejorar el rendimiento del vinculador
  Diagonal_Preconditioner_CuDa.vcxproj -> C:\Users\USUARIO\Desktop\Clase\Cuarto curso\TFG OpenFoam\Diagonal_Preconditioner_CuDa\x64\Release\Diagonal_Preconditioner_CuDa.exe
