  Compiling CUDA source file kernel.cu...
  
  C:\Users\USUARIO\Desktop\Clase\Cuarto curso\TFG OpenFoam\DIC_Preconditioner_LoSort_Textures>"C:\Program Files\NVIDIA GPU Computing Toolkit\CUDA\v12.6\bin\nvcc.exe" -gencode=arch=compute_52,code=\"sm_52,compute_52\" --use-local-env -ccbin "C:\Program Files (x86)\Microsoft Visual Studio\2019\Community\VC\Tools\MSVC\14.29.30133\bin\HostX86\x64" -x cu   -I"C:\Program Files\NVIDIA GPU Computing Toolkit\CUDA\v12.6\include" -I"C:\Program Files\NVIDIA GPU Computing Toolkit\CUDA\v12.6\include"  -G   --keep-dir x64\Debug  -maxrregcount=0   --machine 64 --compile -cudart static  -g  -DWIN32 -DWIN64 -D_DEBUG -D_CONSOLE -D_MBCS -Xcompiler "/EHsc /W3 /nologo /Od /FS /Zi /RTC1 /MDd " -Xcompiler "/Fdx64\Debug\vc142.pdb" -o "C:\Users\USUARIO\Desktop\Clase\Cuarto curso\TFG OpenFoam\DIC_Preconditioner_LoSort_Textures\x64\Debug\kernel.cu.obj" "C:\Users\USUARIO\Desktop\Clase\Cuarto curso\TFG OpenFoam\DIC_Preconditioner_LoSort_Textures\kernel.cu" 
C:\Users\USUARIO\Desktop\Clase\Cuarto curso\TFG OpenFoam\DIC_Preconditioner_LoSort_Textures\kernel.cu(257): warning #2464-D: conversion from a string literal to "char *" is deprecated
        binaryRead("./matrixBefore.bin", &sizes, &diag, &upperAddr, &lowerAddr, &upper, &lower, &initialResidual, &psi, &ownerStartAddr, &losortAddr, &losortStartAddr);
                   ^
  
  Remark: The warnings can be suppressed with "-diag-suppress <warning-number>"
  
C:\Users\USUARIO\Desktop\Clase\Cuarto curso\TFG OpenFoam\DIC_Preconditioner_LoSort_Textures\kernel.cu(257): warning #2464-D: conversion from a string literal to "char *" is deprecated
        binaryRead("./matrixBefore.bin", &sizes, &diag, &upperAddr, &lowerAddr, &upper, &lower, &initialResidual, &psi, &ownerStartAddr, &losortAddr, &losortStartAddr);
                   ^
  
  Remark: The warnings can be suppressed with "-diag-suppress <warning-number>"
  
  kernel.cu
  tmpxft_000078cc_00000000-7_kernel.cudafe1.cpp
C:\Users\USUARIO\Desktop\Clase\Cuarto curso\TFG OpenFoam\DIC_Preconditioner_LoSort_Textures\kernel.cu(218): warning C4267: 'argumento': conversión de 'size_t' a '_Ty'; posible pérdida de datos
          with
          [
              _Ty=int
          ]
C:\Users\USUARIO\Desktop\Clase\Cuarto curso\TFG OpenFoam\DIC_Preconditioner_LoSort_Textures\kernel.cu(307): warning C4996: 'cudaMemcpyToArray': se declaró desusado
C:\Users\USUARIO\Desktop\Clase\Cuarto curso\TFG OpenFoam\DIC_Preconditioner_LoSort_Textures\kernel.cu(308): warning C4996: 'cudaMemcpyToArray': se declaró desusado
C:\Users\USUARIO\Desktop\Clase\Cuarto curso\TFG OpenFoam\DIC_Preconditioner_LoSort_Textures\kernel.cu(309): warning C4996: 'cudaMemcpyToArray': se declaró desusado
  DIC_Preconditioner_LoSort_Textures.vcxproj -> C:\Users\USUARIO\Desktop\Clase\Cuarto curso\TFG OpenFoam\DIC_Preconditioner_LoSort_Textures\x64\Debug\DIC_Preconditioner_LoSort_Textures.exe
